<?xml version="1.0" encoding="UTF-8"?>
<!-- Generated by org.testng.reporters.JUnitReportReporter -->
<testsuite skipped="0" hostname="DESKTOP-4U5KJL5" name="com.olympicMedals.OlympicMedals2016" tests="5" failures="0" timestamp="04 Jul 2018 07:51:31 GMT" time="5.579" errors="0">
  <testcase name="test4GetIndex" time="0.000" classname="com.olympicMedals.OlympicMedals2016"/>
  <testcase name="test1Ranking" time="5.574" classname="com.olympicMedals.OlympicMedals2016"/>
  <testcase name="test2TheMost" time="0.002" classname="com.olympicMedals.OlympicMedals2016"/>
  <testcase name="test3CountryByMedal" time="0.001" classname="com.olympicMedals.OlympicMedals2016"/>
  <testcase name="test5sumOfBronze18" time="0.002" classname="com.olympicMedals.OlympicMedals2016"/>
</testsuite> <!-- com.olympicMedals.OlympicMedals2016 -->
